
                                      ARENA Simulation Results
                                      artur - License: STUDENT

                                  Summary for Replication 1 of 10

Project: Unnamed Project                                             Run execution date : 4/ 2/2025
Analyst: artur                                                       Model revision date: 4/ 2/2025

Replication ended at time      : 0.0 Seconds 
Base Time Units: Seconds

                                           TALLY VARIABLES

Identifier                                  Average   Half Width  Minimum    Maximum   Observations
___________________________________________________________________________________________________

Processo.VATime                                 --         --         --         --          0
Processo.NVATime                                --         --         --         --          0
Processo.WaitTime                               --         --         --         --          0
Processo.TranTime                               --         --         --         --          0
Processo.OtherTime                              --         --         --         --          0
Processo.TotalTime                              --         --         --         --          0
FilaProcessador.WaitingTime                     --         --         --         --          0

                                     DISCRETE-CHANGE VARIABLES

Identifier                                  Average   Half Width  Minimum    Maximum   Final Value
___________________________________________________________________________________________________

Processo.WIP                                .00000     (Insuf)    .00000     .00000     .00000    
Processador.NumberBusy                      .00000     (Insuf)    .00000     .00000     .00000    
Processador.NumberScheduled                 .00000     (Insuf)    1.0000     1.0000     1.0000    
Processador.Utilization                     .00000     (Insuf)    .00000     .00000     .00000    
FilaProcessador.NumberInQueue               .00000     (Insuf)    .00000     .00000     .00000    

                                             OUTPUTS

Identifier                                   Value
_____________________________________________________________

Processo.NumberIn                           .00000    
Processo.NumberOut                          .00000    
Processador.NumberSeized                    .00000    
Processador.ScheduledUtilization            .00000    
System.NumberOut                            .00000    

