
                                      ARENA Simulation Results
                                      artur - License: STUDENT

                                  Summary for Replication 1 of 10

Project: Sistema Computacional                                       Run execution date : 4/ 2/2025
Analyst: Prof. Dr. Eng. Rafael Luiz Cancian                          Model revision date: 4/ 2/2025

Replication ended at time      : 1000.0 Seconds 
Base Time Units: Seconds

                                           TALLY VARIABLES

Identifier                                  Average   Half Width  Minimum    Maximum   Observations
___________________________________________________________________________________________________

processo.VATime                             .00000     (Insuf)    .00000     .00000         89    
processo.NVATime                            .00000     (Insuf)    .00000     .00000         89    
processo.WaitTime                           15.711     (Insuf)    .00000     54.303         89    
processo.TranTime                           .00000     (Insuf)    .00000     .00000         89    
processo.OtherTime                          9.1052     (Insuf)    .00000     18.593         89    
processo.TotalTime                          24.816     (Insuf)    2.9992     64.486         89    
processo.VACost                             .00000     (Insuf)    .00000     .00000         89    
processo.NVACost                            .00000     (Insuf)    .00000     .00000         89    
processo.WaitCost                           .00000     (Insuf)    .00000     .00000         89    
processo.TranCost                           .00000     (Insuf)    .00000     .00000         89    
processo.OtherCost                          .00000     (Insuf)    .00000     .00000         89    
processo.TotalCost                          .00000     (Insuf)    .00000     .00000         89    
Programa aloca processador para executar.Q  15.588     (Insuf)    .00000     54.303         90    
Programa aloca processador para executar.Q  .00000     (Insuf)    .00000     .00000         90    

                                     DISCRETE-CHANGE VARIABLES

Identifier                                  Average   Half Width  Minimum    Maximum   Final Value
___________________________________________________________________________________________________

processo.WIP                                2.2194     (Insuf)    .00000     6.0000     1.0000    
Processador.NumberBusy                      .81651     (Insuf)    .00000     1.0000     1.0000    
Processador.NumberScheduled                 1.0000     (Insuf)    1.0000     1.0000     1.0000    
Processador.Utilization                     .81651     (Insuf)    .00000     1.0000     1.0000    
Programa aloca processador para executar.Q  1.4029     (Insuf)    .00000     5.0000     .00000    

                                             OUTPUTS

Identifier                                   Value
_____________________________________________________________

processo.NumberIn                           90.000    
processo.NumberOut                          89.000    
Processador.NumberSeized                    90.000    
Processador.ScheduledUtilization            .81651    
Processador.BusyCost                        .00000    
Processador.IdleCost                        .00000    
Processador.UsageCost                       .00000    
All Entities.VACost                         .00000    
All Entities.NVACost                        .00000    
All Entities.WaitCost                       .00000    
All Entities.TranCost                       .00000    
All Entities.OtherCost                      .00000    
All Entities.TotalCost                      .00000    
All Resources.BusyCost                      .00000    
All Resources.IdleCost                      .00000    
All Resources.UsageCost                     .00000    
All Resources.TotalCost                     .00000    
System.TotalCost                            .00000    
System.NumberOut                            89.000    

Beginning replication 2 of 10

                                      ARENA Simulation Results
                                      artur - License: STUDENT

                                  Summary for Replication 2 of 10

Project: Sistema Computacional                                       Run execution date : 4/ 2/2025
Analyst: Prof. Dr. Eng. Rafael Luiz Cancian                          Model revision date: 4/ 2/2025

Replication ended at time      : 1000.0 Seconds 
Base Time Units: Seconds

                                           TALLY VARIABLES

Identifier                                  Average   Half Width  Minimum    Maximum   Observations
___________________________________________________________________________________________________

processo.VATime                             .00000     (Insuf)    .00000     .00000        106    
processo.NVATime                            .00000     (Insuf)    .00000     .00000        106    
processo.WaitTime                           31.340     (Insuf)    .00000     84.233        106    
processo.TranTime                           .00000     (Insuf)    .00000     .00000        106    
processo.OtherTime                          8.6996     (Insuf)    .09660     22.194        106    
processo.TotalTime                          40.040     (Insuf)    1.6545     91.120        106    
processo.VACost                             .00000     (Insuf)    .00000     .00000        106    
processo.NVACost                            .00000     (Insuf)    .00000     .00000        106    
processo.WaitCost                           .00000     (Insuf)    .00000     .00000        106    
processo.TranCost                           .00000     (Insuf)    .00000     .00000        106    
processo.OtherCost                          .00000     (Insuf)    .00000     .00000        106    
processo.TotalCost                          .00000     (Insuf)    .00000     .00000        106    
Programa aloca processador para executar.Q  31.340     (Insuf)    .00000     84.233        106    
Programa aloca processador para executar.Q  .00000     (Insuf)    .00000     .00000        106    

                                     DISCRETE-CHANGE VARIABLES

Identifier                                  Average   Half Width  Minimum    Maximum   Final Value
___________________________________________________________________________________________________

processo.WIP                                4.2442     (Insuf)    .00000     10.000     .00000    
Processador.NumberBusy                      .92216     (Insuf)    .00000     1.0000     .00000    
Processador.NumberScheduled                 1.0000     (Insuf)    1.0000     1.0000     1.0000    
Processador.Utilization                     .92216     (Insuf)    .00000     1.0000     .00000    
Programa aloca processador para executar.Q  3.3221     (Insuf)    .00000     9.0000     .00000    

                                             OUTPUTS

Identifier                                   Value
_____________________________________________________________

processo.NumberIn                           106.00    
processo.NumberOut                          106.00    
Processador.NumberSeized                    106.00    
Processador.ScheduledUtilization            .92216    
Processador.BusyCost                        .00000    
Processador.IdleCost                        .00000    
Processador.UsageCost                       .00000    
All Entities.VACost                         .00000    
All Entities.NVACost                        .00000    
All Entities.WaitCost                       .00000    
All Entities.TranCost                       .00000    
All Entities.OtherCost                      .00000    
All Entities.TotalCost                      .00000    
All Resources.BusyCost                      .00000    
All Resources.IdleCost                      .00000    
All Resources.UsageCost                     .00000    
All Resources.TotalCost                     .00000    
System.TotalCost                            .00000    
System.NumberOut                            106.00    

Beginning replication 3 of 10

                                      ARENA Simulation Results
                                      artur - License: STUDENT

                                  Summary for Replication 3 of 10

Project: Sistema Computacional                                       Run execution date : 4/ 2/2025
Analyst: Prof. Dr. Eng. Rafael Luiz Cancian                          Model revision date: 4/ 2/2025

Replication ended at time      : 1000.0 Seconds 
Base Time Units: Seconds

                                           TALLY VARIABLES

Identifier                                  Average   Half Width  Minimum    Maximum   Observations
___________________________________________________________________________________________________

processo.VATime                             .00000     (Insuf)    .00000     .00000        111    
processo.NVATime                            .00000     (Insuf)    .00000     .00000        111    
processo.WaitTime                           32.905     (Insuf)    .00000     95.897        111    
processo.TranTime                           .00000     (Insuf)    .00000     .00000        111    
processo.OtherTime                          8.6696     (Insuf)    .00000     20.823        111    
processo.TotalTime                          41.575     (Insuf)    .00000     105.58        111    
processo.VACost                             .00000     (Insuf)    .00000     .00000        111    
processo.NVACost                            .00000     (Insuf)    .00000     .00000        111    
processo.WaitCost                           .00000     (Insuf)    .00000     .00000        111    
processo.TranCost                           .00000     (Insuf)    .00000     .00000        111    
processo.OtherCost                          .00000     (Insuf)    .00000     .00000        111    
processo.TotalCost                          .00000     (Insuf)    .00000     .00000        111    
Programa aloca processador para executar.Q  33.292     (Insuf)    .00000     95.897        112    
Programa aloca processador para executar.Q  .00000     (Insuf)    .00000     .00000        112    

                                     DISCRETE-CHANGE VARIABLES

Identifier                                  Average   Half Width  Minimum    Maximum   Final Value
___________________________________________________________________________________________________

processo.WIP                                4.9194     (Insuf)    .00000     12.000     6.0000    
Processador.NumberBusy                      .96235     (Insuf)    .00000     1.0000     1.0000    
Processador.NumberScheduled                 1.0000     (Insuf)    1.0000     1.0000     1.0000    
Processador.Utilization                     .96235     (Insuf)    .00000     1.0000     1.0000    
Programa aloca processador para executar.Q  3.9571     (Insuf)    .00000     11.000     5.0000    

                                             OUTPUTS

Identifier                                   Value
_____________________________________________________________

processo.NumberIn                           117.00    
processo.NumberOut                          111.00    
Processador.NumberSeized                    112.00    
Processador.ScheduledUtilization            .96235    
Processador.BusyCost                        .00000    
Processador.IdleCost                        .00000    
Processador.UsageCost                       .00000    
All Entities.VACost                         .00000    
All Entities.NVACost                        .00000    
All Entities.WaitCost                       .00000    
All Entities.TranCost                       .00000    
All Entities.OtherCost                      .00000    
All Entities.TotalCost                      .00000    
All Resources.BusyCost                      .00000    
All Resources.IdleCost                      .00000    
All Resources.UsageCost                     .00000    
All Resources.TotalCost                     .00000    
System.TotalCost                            .00000    
System.NumberOut                            111.00    

Beginning replication 4 of 10

                                      ARENA Simulation Results
                                      artur - License: STUDENT

                                  Summary for Replication 4 of 10

Project: Sistema Computacional                                       Run execution date : 4/ 2/2025
Analyst: Prof. Dr. Eng. Rafael Luiz Cancian                          Model revision date: 4/ 2/2025

Replication ended at time      : 1000.0 Seconds 
Base Time Units: Seconds

                                           TALLY VARIABLES

Identifier                                  Average   Half Width  Minimum    Maximum   Observations
___________________________________________________________________________________________________

processo.VATime                             .00000     (Insuf)    .00000     .00000        102    
processo.NVATime                            .00000     (Insuf)    .00000     .00000        102    
processo.WaitTime                           26.330     (Insuf)    .00000     64.867        102    
processo.TranTime                           .00000     (Insuf)    .00000     .00000        102    
processo.OtherTime                          8.7905     (Insuf)    .00000     18.707        102    
processo.TotalTime                          35.121     (Insuf)    .43360     76.508        102    
processo.VACost                             .00000     (Insuf)    .00000     .00000        102    
processo.NVACost                            .00000     (Insuf)    .00000     .00000        102    
processo.WaitCost                           .00000     (Insuf)    .00000     .00000        102    
processo.TranCost                           .00000     (Insuf)    .00000     .00000        102    
processo.OtherCost                          .00000     (Insuf)    .00000     .00000        102    
processo.TotalCost                          .00000     (Insuf)    .00000     .00000        102    
Programa aloca processador para executar.Q  26.127     (Insuf)    .00000     64.867        103    
Programa aloca processador para executar.Q  .00000     (Insuf)    .00000     .00000        103    

                                     DISCRETE-CHANGE VARIABLES

Identifier                                  Average   Half Width  Minimum    Maximum   Final Value
___________________________________________________________________________________________________

processo.WIP                                3.5919     (Insuf)    .00000     9.0000     1.0000    
Processador.NumberBusy                      .90084     (Insuf)    .00000     1.0000     1.0000    
Processador.NumberScheduled                 1.0000     (Insuf)    1.0000     1.0000     1.0000    
Processador.Utilization                     .90084     (Insuf)    .00000     1.0000     1.0000    
Programa aloca processador para executar.Q  2.6910     (Insuf)    .00000     8.0000     .00000    

                                             OUTPUTS

Identifier                                   Value
_____________________________________________________________

processo.NumberIn                           103.00    
processo.NumberOut                          102.00    
Processador.NumberSeized                    103.00    
Processador.ScheduledUtilization            .90084    
Processador.BusyCost                        .00000    
Processador.IdleCost                        .00000    
Processador.UsageCost                       .00000    
All Entities.VACost                         .00000    
All Entities.NVACost                        .00000    
All Entities.WaitCost                       .00000    
All Entities.TranCost                       .00000    
All Entities.OtherCost                      .00000    
All Entities.TotalCost                      .00000    
All Resources.BusyCost                      .00000    
All Resources.IdleCost                      .00000    
All Resources.UsageCost                     .00000    
All Resources.TotalCost                     .00000    
System.TotalCost                            .00000    
System.NumberOut                            102.00    

Beginning replication 5 of 10

                                      ARENA Simulation Results
                                      artur - License: STUDENT

                                  Summary for Replication 5 of 10

Project: Sistema Computacional                                       Run execution date : 4/ 2/2025
Analyst: Prof. Dr. Eng. Rafael Luiz Cancian                          Model revision date: 4/ 2/2025

Replication ended at time      : 1000.0 Seconds 
Base Time Units: Seconds

                                           TALLY VARIABLES

Identifier                                  Average   Half Width  Minimum    Maximum   Observations
___________________________________________________________________________________________________

processo.VATime                             .00000     (Insuf)    .00000     .00000        104    
processo.NVATime                            .00000     (Insuf)    .00000     .00000        104    
processo.WaitTime                           10.944     (Insuf)    .00000     41.952        104    
processo.TranTime                           .00000     (Insuf)    .00000     .00000        104    
processo.OtherTime                          7.9496     (Insuf)    .00000     17.440        104    
processo.TotalTime                          18.893     (Insuf)    .00000     57.791        104    
processo.VACost                             .00000     (Insuf)    .00000     .00000        104    
processo.NVACost                            .00000     (Insuf)    .00000     .00000        104    
processo.WaitCost                           .00000     (Insuf)    .00000     .00000        104    
processo.TranCost                           .00000     (Insuf)    .00000     .00000        104    
processo.OtherCost                          .00000     (Insuf)    .00000     .00000        104    
processo.TotalCost                          .00000     (Insuf)    .00000     .00000        104    
Programa aloca processador para executar.Q  11.212     (Insuf)    .00000     41.952        105    
Programa aloca processador para executar.Q  .00000     (Insuf)    .00000     .00000        105    

                                     DISCRETE-CHANGE VARIABLES

Identifier                                  Average   Half Width  Minimum    Maximum   Final Value
___________________________________________________________________________________________________

processo.WIP                                2.0973     (Insuf)    .00000     7.0000     7.0000    
Processador.NumberBusy                      .83535     (Insuf)    .00000     1.0000     1.0000    
Processador.NumberScheduled                 1.0000     (Insuf)    1.0000     1.0000     1.0000    
Processador.Utilization                     .83535     (Insuf)    .00000     1.0000     1.0000    
Programa aloca processador para executar.Q  1.2619     (Insuf)    .00000     6.0000     6.0000    

                                             OUTPUTS

Identifier                                   Value
_____________________________________________________________

processo.NumberIn                           111.00    
processo.NumberOut                          104.00    
Processador.NumberSeized                    105.00    
Processador.ScheduledUtilization            .83535    
Processador.BusyCost                        .00000    
Processador.IdleCost                        .00000    
Processador.UsageCost                       .00000    
All Entities.VACost                         .00000    
All Entities.NVACost                        .00000    
All Entities.WaitCost                       .00000    
All Entities.TranCost                       .00000    
All Entities.OtherCost                      .00000    
All Entities.TotalCost                      .00000    
All Resources.BusyCost                      .00000    
All Resources.IdleCost                      .00000    
All Resources.UsageCost                     .00000    
All Resources.TotalCost                     .00000    
System.TotalCost                            .00000    
System.NumberOut                            104.00    

Beginning replication 6 of 10

                                      ARENA Simulation Results
                                      artur - License: STUDENT

                                  Summary for Replication 6 of 10

Project: Sistema Computacional                                       Run execution date : 4/ 2/2025
Analyst: Prof. Dr. Eng. Rafael Luiz Cancian                          Model revision date: 4/ 2/2025

Replication ended at time      : 1000.0 Seconds 
Base Time Units: Seconds

                                           TALLY VARIABLES

Identifier                                  Average   Half Width  Minimum    Maximum   Observations
___________________________________________________________________________________________________

processo.VATime                             .00000     (Insuf)    .00000     .00000        100    
processo.NVATime                            .00000     (Insuf)    .00000     .00000        100    
processo.WaitTime                           14.350     (Insuf)    .00000     38.760        100    
processo.TranTime                           .00000     (Insuf)    .00000     .00000        100    
processo.OtherTime                          8.5680     (Insuf)    .00000     20.000        100    
processo.TotalTime                          22.919     (Insuf)    2.3990     51.828        100    
processo.VACost                             .00000     (Insuf)    .00000     .00000        100    
processo.NVACost                            .00000     (Insuf)    .00000     .00000        100    
processo.WaitCost                           .00000     (Insuf)    .00000     .00000        100    
processo.TranCost                           .00000     (Insuf)    .00000     .00000        100    
processo.OtherCost                          .00000     (Insuf)    .00000     .00000        100    
processo.TotalCost                          .00000     (Insuf)    .00000     .00000        100    
Programa aloca processador para executar.Q  14.208     (Insuf)    .00000     38.760        101    
Programa aloca processador para executar.Q  .00000     (Insuf)    .00000     .00000        101    

                                     DISCRETE-CHANGE VARIABLES

Identifier                                  Average   Half Width  Minimum    Maximum   Final Value
___________________________________________________________________________________________________

processo.WIP                                2.2973     (Insuf)    .00000     7.0000     2.0000    
Processador.NumberBusy                      .86127     (Insuf)    .00000     1.0000     1.0000    
Processador.NumberScheduled                 1.0000     (Insuf)    1.0000     1.0000     1.0000    
Processador.Utilization                     .86127     (Insuf)    .00000     1.0000     1.0000    
Programa aloca processador para executar.Q  1.4360     (Insuf)    .00000     6.0000     1.0000    

                                             OUTPUTS

Identifier                                   Value
_____________________________________________________________

processo.NumberIn                           102.00    
processo.NumberOut                          100.00    
Processador.NumberSeized                    101.00    
Processador.ScheduledUtilization            .86127    
Processador.BusyCost                        .00000    
Processador.IdleCost                        .00000    
Processador.UsageCost                       .00000    
All Entities.VACost                         .00000    
All Entities.NVACost                        .00000    
All Entities.WaitCost                       .00000    
All Entities.TranCost                       .00000    
All Entities.OtherCost                      .00000    
All Entities.TotalCost                      .00000    
All Resources.BusyCost                      .00000    
All Resources.IdleCost                      .00000    
All Resources.UsageCost                     .00000    
All Resources.TotalCost                     .00000    
System.TotalCost                            .00000    
System.NumberOut                            100.00    

Beginning replication 7 of 10

                                      ARENA Simulation Results
                                      artur - License: STUDENT

                                  Summary for Replication 7 of 10

Project: Sistema Computacional                                       Run execution date : 4/ 2/2025
Analyst: Prof. Dr. Eng. Rafael Luiz Cancian                          Model revision date: 4/ 2/2025

Replication ended at time      : 1000.0 Seconds 
Base Time Units: Seconds

                                           TALLY VARIABLES

Identifier                                  Average   Half Width  Minimum    Maximum   Observations
___________________________________________________________________________________________________

processo.VATime                             .00000     (Insuf)    .00000     .00000         94    
processo.NVATime                            .00000     (Insuf)    .00000     .00000         94    
processo.WaitTime                           27.949     (Insuf)    .00000     87.782         94    
processo.TranTime                           .00000     (Insuf)    .00000     .00000         94    
processo.OtherTime                          9.0738     (Insuf)    .42480     17.789         94    
processo.TotalTime                          37.023     (Insuf)    3.7299     96.702         94    
processo.VACost                             .00000     (Insuf)    .00000     .00000         94    
processo.NVACost                            .00000     (Insuf)    .00000     .00000         94    
processo.WaitCost                           .00000     (Insuf)    .00000     .00000         94    
processo.TranCost                           .00000     (Insuf)    .00000     .00000         94    
processo.OtherCost                          .00000     (Insuf)    .00000     .00000         94    
processo.TotalCost                          .00000     (Insuf)    .00000     .00000         94    
Programa aloca processador para executar.Q  28.451     (Insuf)    .00000     87.782         95    
Programa aloca processador para executar.Q  .00000     (Insuf)    .00000     .00000         95    

                                     DISCRETE-CHANGE VARIABLES

Identifier                                  Average   Half Width  Minimum    Maximum   Final Value
___________________________________________________________________________________________________

processo.WIP                                3.7531     (Insuf)    .00000     12.000     8.0000    
Processador.NumberBusy                      .85875     (Insuf)    .00000     1.0000     1.0000    
Processador.NumberScheduled                 1.0000     (Insuf)    1.0000     1.0000     1.0000    
Processador.Utilization                     .85875     (Insuf)    .00000     1.0000     1.0000    
Programa aloca processador para executar.Q  2.8944     (Insuf)    .00000     11.000     7.0000    

                                             OUTPUTS

Identifier                                   Value
_____________________________________________________________

processo.NumberIn                           102.00    
processo.NumberOut                          94.000    
Processador.NumberSeized                    95.000    
Processador.ScheduledUtilization            .85875    
Processador.BusyCost                        .00000    
Processador.IdleCost                        .00000    
Processador.UsageCost                       .00000    
All Entities.VACost                         .00000    
All Entities.NVACost                        .00000    
All Entities.WaitCost                       .00000    
All Entities.TranCost                       .00000    
All Entities.OtherCost                      .00000    
All Entities.TotalCost                      .00000    
All Resources.BusyCost                      .00000    
All Resources.IdleCost                      .00000    
All Resources.UsageCost                     .00000    
All Resources.TotalCost                     .00000    
System.TotalCost                            .00000    
System.NumberOut                            94.000    

Beginning replication 8 of 10

                                      ARENA Simulation Results
                                      artur - License: STUDENT

                                  Summary for Replication 8 of 10

Project: Sistema Computacional                                       Run execution date : 4/ 2/2025
Analyst: Prof. Dr. Eng. Rafael Luiz Cancian                          Model revision date: 4/ 2/2025

Replication ended at time      : 1000.0 Seconds 
Base Time Units: Seconds

                                           TALLY VARIABLES

Identifier                                  Average   Half Width  Minimum    Maximum   Observations
___________________________________________________________________________________________________

processo.VATime                             .00000     (Insuf)    .00000     .00000         81    
processo.NVATime                            .00000     (Insuf)    .00000     .00000         81    
processo.WaitTime                           8.7222     (Insuf)    .00000     41.585         81    
processo.TranTime                           .00000     (Insuf)    .00000     .00000         81    
processo.OtherTime                          9.1123     (Insuf)    .01454     21.332         81    
processo.TotalTime                          17.834     (Insuf)    1.2350     51.357         81    
processo.VACost                             .00000     (Insuf)    .00000     .00000         81    
processo.NVACost                            .00000     (Insuf)    .00000     .00000         81    
processo.WaitCost                           .00000     (Insuf)    .00000     .00000         81    
processo.TranCost                           .00000     (Insuf)    .00000     .00000         81    
processo.OtherCost                          .00000     (Insuf)    .00000     .00000         81    
processo.TotalCost                          .00000     (Insuf)    .00000     .00000         81    
Programa aloca processador para executar.Q  9.1282     (Insuf)    .00000     42.020         82    
Programa aloca processador para executar.Q  .00000     (Insuf)    .00000     .00000         82    

                                     DISCRETE-CHANGE VARIABLES

Identifier                                  Average   Half Width  Minimum    Maximum   Final Value
___________________________________________________________________________________________________

processo.WIP                                1.5469     (Insuf)    .00000     6.0000     3.0000    
Processador.NumberBusy                      .73861     (Insuf)    .00000     1.0000     1.0000    
Processador.NumberScheduled                 1.0000     (Insuf)    1.0000     1.0000     1.0000    
Processador.Utilization                     .73861     (Insuf)    .00000     1.0000     1.0000    
Programa aloca processador para executar.Q  .80836     (Insuf)    .00000     5.0000     2.0000    

                                             OUTPUTS

Identifier                                   Value
_____________________________________________________________

processo.NumberIn                           84.000    
processo.NumberOut                          81.000    
Processador.NumberSeized                    82.000    
Processador.ScheduledUtilization            .73861    
Processador.BusyCost                        .00000    
Processador.IdleCost                        .00000    
Processador.UsageCost                       .00000    
All Entities.VACost                         .00000    
All Entities.NVACost                        .00000    
All Entities.WaitCost                       .00000    
All Entities.TranCost                       .00000    
All Entities.OtherCost                      .00000    
All Entities.TotalCost                      .00000    
All Resources.BusyCost                      .00000    
All Resources.IdleCost                      .00000    
All Resources.UsageCost                     .00000    
All Resources.TotalCost                     .00000    
System.TotalCost                            .00000    
System.NumberOut                            81.000    

Beginning replication 9 of 10

                                      ARENA Simulation Results
                                      artur - License: STUDENT

                                  Summary for Replication 9 of 10

Project: Sistema Computacional                                       Run execution date : 4/ 2/2025
Analyst: Prof. Dr. Eng. Rafael Luiz Cancian                          Model revision date: 4/ 2/2025

Replication ended at time      : 1000.0 Seconds 
Base Time Units: Seconds

                                           TALLY VARIABLES

Identifier                                  Average   Half Width  Minimum    Maximum   Observations
___________________________________________________________________________________________________

processo.VATime                             .00000     (Insuf)    .00000     .00000         96    
processo.NVATime                            .00000     (Insuf)    .00000     .00000         96    
processo.WaitTime                           13.833     (Insuf)    .00000     43.374         96    
processo.TranTime                           .00000     (Insuf)    .00000     .00000         96    
processo.OtherTime                          8.2353     (Insuf)    .00000     17.634         96    
processo.TotalTime                          22.068     (Insuf)    1.7333     51.575         96    
processo.VACost                             .00000     (Insuf)    .00000     .00000         96    
processo.NVACost                            .00000     (Insuf)    .00000     .00000         96    
processo.WaitCost                           .00000     (Insuf)    .00000     .00000         96    
processo.TranCost                           .00000     (Insuf)    .00000     .00000         96    
processo.OtherCost                          .00000     (Insuf)    .00000     .00000         96    
processo.TotalCost                          .00000     (Insuf)    .00000     .00000         96    
Programa aloca processador para executar.Q  13.863     (Insuf)    .00000     43.374         97    
Programa aloca processador para executar.Q  .00000     (Insuf)    .00000     .00000         97    

                                     DISCRETE-CHANGE VARIABLES

Identifier                                  Average   Half Width  Minimum    Maximum   Final Value
___________________________________________________________________________________________________

processo.WIP                                2.1846     (Insuf)    .00000     7.0000     4.0000    
Processador.NumberBusy                      .80074     (Insuf)    .00000     1.0000     1.0000    
Processador.NumberScheduled                 1.0000     (Insuf)    1.0000     1.0000     1.0000    
Processador.Utilization                     .80074     (Insuf)    .00000     1.0000     1.0000    
Programa aloca processador para executar.Q  1.3839     (Insuf)    .00000     6.0000     3.0000    

                                             OUTPUTS

Identifier                                   Value
_____________________________________________________________

processo.NumberIn                           100.00    
processo.NumberOut                          96.000    
Processador.NumberSeized                    97.000    
Processador.ScheduledUtilization            .80074    
Processador.BusyCost                        .00000    
Processador.IdleCost                        .00000    
Processador.UsageCost                       .00000    
All Entities.VACost                         .00000    
All Entities.NVACost                        .00000    
All Entities.WaitCost                       .00000    
All Entities.TranCost                       .00000    
All Entities.OtherCost                      .00000    
All Entities.TotalCost                      .00000    
All Resources.BusyCost                      .00000    
All Resources.IdleCost                      .00000    
All Resources.UsageCost                     .00000    
All Resources.TotalCost                     .00000    
System.TotalCost                            .00000    
System.NumberOut                            96.000    

Beginning replication 10 of 10

                                      ARENA Simulation Results
                                      artur - License: STUDENT

                                  Summary for Replication 10 of 10

Project: Sistema Computacional                                       Run execution date : 4/ 2/2025
Analyst: Prof. Dr. Eng. Rafael Luiz Cancian                          Model revision date: 4/ 2/2025

Replication ended at time      : 1000.0 Seconds 
Base Time Units: Seconds

                                           TALLY VARIABLES

Identifier                                  Average   Half Width  Minimum    Maximum   Observations
___________________________________________________________________________________________________

processo.VATime                             .00000     (Insuf)    .00000     .00000         91    
processo.NVATime                            .00000     (Insuf)    .00000     .00000         91    
processo.WaitTime                           10.290     (Insuf)    .00000     51.484         91    
processo.TranTime                           .00000     (Insuf)    .00000     .00000         91    
processo.OtherTime                          7.6296     (Insuf)    .00000     16.967         91    
processo.TotalTime                          17.920     (Insuf)    .00000     59.225         91    
processo.VACost                             .00000     (Insuf)    .00000     .00000         91    
processo.NVACost                            .00000     (Insuf)    .00000     .00000         91    
processo.WaitCost                           .00000     (Insuf)    .00000     .00000         91    
processo.TranCost                           .00000     (Insuf)    .00000     .00000         91    
processo.OtherCost                          .00000     (Insuf)    .00000     .00000         91    
processo.TotalCost                          .00000     (Insuf)    .00000     .00000         91    
Programa aloca processador para executar.Q  10.191     (Insuf)    .00000     51.484         92    
Programa aloca processador para executar.Q  .00000     (Insuf)    .00000     .00000         92    

                                     DISCRETE-CHANGE VARIABLES

Identifier                                  Average   Half Width  Minimum    Maximum   Final Value
___________________________________________________________________________________________________

processo.WIP                                1.6379     (Insuf)    .00000     8.0000     2.0000    
Processador.NumberBusy                      .69928     (Insuf)    .00000     1.0000     1.0000    
Processador.NumberScheduled                 1.0000     (Insuf)    1.0000     1.0000     1.0000    
Processador.Utilization                     .69928     (Insuf)    .00000     1.0000     1.0000    
Programa aloca processador para executar.Q  .93863     (Insuf)    .00000     7.0000     1.0000    

                                             OUTPUTS

Identifier                                   Value
_____________________________________________________________

processo.NumberIn                           93.000    
processo.NumberOut                          91.000    
Processador.NumberSeized                    92.000    
Processador.ScheduledUtilization            .69928    
Processador.BusyCost                        .00000    
Processador.IdleCost                        .00000    
Processador.UsageCost                       .00000    
All Entities.VACost                         .00000    
All Entities.NVACost                        .00000    
All Entities.WaitCost                       .00000    
All Entities.TranCost                       .00000    
All Entities.OtherCost                      .00000    
All Entities.TotalCost                      .00000    
All Resources.BusyCost                      .00000    
All Resources.IdleCost                      .00000    
All Resources.UsageCost                     .00000    
All Resources.TotalCost                     .00000    
System.TotalCost                            .00000    
System.NumberOut                            91.000    


                                      ARENA Simulation Results
                                      artur - License: STUDENT

                                 Output Summary for 10 Replications

Project: Sistema Computacional                                       Run execution date : 4/ 2/2025
Analyst: Prof. Dr. Eng. Rafael Luiz Cancian                          Model revision date: 4/ 2/2025


                                             OUTPUTS

Identifier                                 Average    Half-width Minimum    Maximum # Replications
___________________________________________________________________________________________________

processo.NumberIn                           100.80     6.9988     84.000     117.00     10
processo.NumberOut                          97.400     6.4174     81.000     111.00     10
Processador.NumberSeized                    98.300     6.3448     82.000     112.00     10
Processador.ScheduledUtilization            .83959     .05763     .69928     .96235     10
Processador.BusyCost                        .00000     .00000     .00000     .00000     10
Processador.IdleCost                        .00000     .00000     .00000     .00000     10
Processador.UsageCost                       .00000     .00000     .00000     .00000     10
All Entities.VACost                         .00000     .00000     .00000     .00000     10
All Entities.NVACost                        .00000     .00000     .00000     .00000     10
All Entities.WaitCost                       .00000     .00000     .00000     .00000     10
All Entities.TranCost                       .00000     .00000     .00000     .00000     10
All Entities.OtherCost                      .00000     .00000     .00000     .00000     10
All Entities.TotalCost                      .00000     .00000     .00000     .00000     10
All Resources.BusyCost                      .00000     .00000     .00000     .00000     10
All Resources.IdleCost                      .00000     .00000     .00000     .00000     10
All Resources.UsageCost                     .00000     .00000     .00000     .00000     10
All Resources.TotalCost                     .00000     .00000     .00000     .00000     10
System.TotalCost                            .00000     .00000     .00000     .00000     10
System.NumberOut                            97.400     6.4174     81.000     111.00     10

Simulation run time: 0.03 minutes.
Simulation run complete.
